# JRE version: Java(TM) SE Runtime Environment (8.0_111-b14) (build 1.8.0_111-b14)
# Java VM: Java HotSpot(TM) 64-Bit Server VM (25.111-b14 mixed mode windows-amd64 compressed oops)
Heap:
 PSYoungGen      total 272896K, used 55424K [0x00000000d5d00000, 0x00000000e8300000, 0x0000000100000000)
  eden space 262144K, 21% used [0x00000000d5d00000,0x00000000d93201b8,0x00000000e5d00000)
  from space 10752K, 0% used [0x00000000e5d00000,0x00000000e5d00000,0x00000000e6780000)
  to   space 11776K, 0% used [0x00000000e7780000,0x00000000e7780000,0x00000000e8300000)
 ParOldGen       total 81920K, used 14674K [0x0000000081600000, 0x0000000086600000, 0x00000000d5d00000)
  object space 81920K, 17% used [0x0000000081600000,0x0000000082454858,0x0000000086600000)
 Metaspace       used 41279K, capacity 43236K, committed 43608K, reserved 1087488K
  class space    used 5547K, capacity 5898K, committed 6016K, reserved 1048576K
GC Heap History (10 events):
Event: 3.173 GC heap before
{Heap before GC invocations=7 (full 0):
 PSYoungGen      total 141824K, used 116053K [0x00000000d5d00000, 0x00000000df000000, 0x0000000100000000)
  eden space 133120K, 82% used [0x00000000d5d00000,0x00000000dc8300d8,0x00000000ddf00000)
  from space 8704K, 72% used [0x00000000de780000,0x00000000deda5330,0x00000000df000000)
  to   space 8704K, 0% used [0x00000000ddf00000,0x00000000ddf00000,0x00000000de780000)
 ParOldGen       total 87552K, used 4599K [0x0000000081600000, 0x0000000086b80000, 0x00000000d5d00000)
  object space 87552K, 5% used [0x0000000081600000,0x0000000081a7dd90,0x0000000086b80000)
 Metaspace       used 20348K, capacity 21162K, committed 21248K, reserved 1067008K
  class space    used 2537K, capacity 2742K, committed 2816K, reserved 1048576K
Event: 3.186 GC heap after
Heap after GC invocations=7 (full 0):
 PSYoungGen      total 141824K, used 4183K [0x00000000d5d00000, 0x00000000e7200000, 0x0000000100000000)
  eden space 133120K, 0% used [0x00000000d5d00000,0x00000000d5d00000,0x00000000ddf00000)
  from space 8704K, 48% used [0x00000000ddf00000,0x00000000de315fa8,0x00000000de780000)
  to   space 8704K, 0% used [0x00000000e6980000,0x00000000e6980000,0x00000000e7200000)
 ParOldGen       total 87552K, used 6338K [0x0000000081600000, 0x0000000086b80000, 0x00000000d5d00000)
  object space 87552K, 7% used [0x0000000081600000,0x0000000081c30a68,0x0000000086b80000)
 Metaspace       used 20348K, capacity 21162K, committed 21248K, reserved 1067008K
  class space    used 2537K, capacity 2742K, committed 2816K, reserved 1048576K
}
Event: 3.186 GC heap before
{Heap before GC invocations=8 (full 1):
 PSYoungGen      total 141824K, used 4183K [0x00000000d5d00000, 0x00000000e7200000, 0x0000000100000000)
  eden space 133120K, 0% used [0x00000000d5d00000,0x00000000d5d00000,0x00000000ddf00000)
  from space 8704K, 48% used [0x00000000ddf00000,0x00000000de315fa8,0x00000000de780000)
  to   space 8704K, 0% used [0x00000000e6980000,0x00000000e6980000,0x00000000e7200000)
 ParOldGen       total 87552K, used 6338K [0x0000000081600000, 0x0000000086b80000, 0x00000000d5d00000)
  object space 87552K, 7% used [0x0000000081600000,0x0000000081c30a68,0x0000000086b80000)
 Metaspace       used 20348K, capacity 21162K, committed 21248K, reserved 1067008K
  class space    used 2537K, capacity 2742K, committed 2816K, reserved 1048576K
Event: 3.243 GC heap after
Heap after GC invocations=8 (full 1):
 PSYoungGen      total 141824K, used 0K [0x00000000d5d00000, 0x00000000e7200000, 0x0000000100000000)
  eden space 133120K, 0% used [0x00000000d5d00000,0x00000000d5d00000,0x00000000ddf00000)
  from space 8704K, 0% used [0x00000000ddf00000,0x00000000ddf00000,0x00000000de780000)
  to   space 8704K, 0% used [0x00000000e6980000,0x00000000e6980000,0x00000000e7200000)
 ParOldGen       total 54272K, used 5768K [0x0000000081600000, 0x0000000084b00000, 0x00000000d5d00000)
  object space 54272K, 10% used [0x0000000081600000,0x0000000081ba20c0,0x0000000084b00000)
 Metaspace       used 20346K, capacity 21156K, committed 21248K, reserved 1067008K
  class space    used 2537K, capacity 2741K, committed 2816K, reserved 1048576K
}
Event: 11.185 GC heap before
{Heap before GC invocations=9 (full 1):
 PSYoungGen      total 141824K, used 133120K [0x00000000d5d00000, 0x00000000e7200000, 0x0000000100000000)
  eden space 133120K, 100% used [0x00000000d5d00000,0x00000000ddf00000,0x00000000ddf00000)
  from space 8704K, 0% used [0x00000000ddf00000,0x00000000ddf00000,0x00000000de780000)
  to   space 8704K, 0% used [0x00000000e6980000,0x00000000e6980000,0x00000000e7200000)
 ParOldGen       total 54272K, used 5768K [0x0000000081600000, 0x0000000084b00000, 0x00000000d5d00000)
  object space 54272K, 10% used [0x0000000081600000,0x0000000081ba20c0,0x0000000084b00000)
 Metaspace       used 28175K, capacity 29850K, committed 30080K, reserved 1075200K
  class space    used 3610K, capacity 3916K, committed 3968K, reserved 1048576K
Event: 11.210 GC heap after
Heap after GC invocations=9 (full 1):
 PSYoungGen      total 218624K, used 8683K [0x00000000d5d00000, 0x00000000e7200000, 0x0000000100000000)
  eden space 209920K, 0% used [0x00000000d5d00000,0x00000000d5d00000,0x00000000e2a00000)
  from space 8704K, 99% used [0x00000000e6980000,0x00000000e71fac50,0x00000000e7200000)
  to   space 10752K, 0% used [0x00000000e5d00000,0x00000000e5d00000,0x00000000e6780000)
 ParOldGen       total 54272K, used 7375K [0x0000000081600000, 0x0000000084b00000, 0x00000000d5d00000)
  object space 54272K, 13% used [0x0000000081600000,0x0000000081d33ea0,0x0000000084b00000)
 Metaspace       used 28175K, capacity 29850K, committed 30080K, reserved 1075200K
  class space    used 3610K, capacity 3916K, committed 3968K, reserved 1048576K
}
Event: 13.594 GC heap before
{Heap before GC invocations=10 (full 1):
 PSYoungGen      total 218624K, used 86098K [0x00000000d5d00000, 0x00000000e7200000, 0x0000000100000000)
  eden space 209920K, 36% used [0x00000000d5d00000,0x00000000da899f08,0x00000000e2a00000)
  from space 8704K, 99% used [0x00000000e6980000,0x00000000e71fac50,0x00000000e7200000)
  to   space 10752K, 0% used [0x00000000e5d00000,0x00000000e5d00000,0x00000000e6780000)
 ParOldGen       total 54272K, used 7375K [0x0000000081600000, 0x0000000084b00000, 0x00000000d5d00000)
  object space 54272K, 13% used [0x0000000081600000,0x0000000081d33ea0,0x0000000084b00000)
 Metaspace       used 33333K, capacity 35272K, committed 35416K, reserved 1079296K
  class space    used 4356K, capacity 4710K, committed 4736K, reserved 1048576K
Event: 13.616 GC heap after
Heap after GC invocations=10 (full 1):
 PSYoungGen      total 272896K, used 9790K [0x00000000d5d00000, 0x00000000e8300000, 0x0000000100000000)
  eden space 262144K, 0% used [0x00000000d5d00000,0x00000000d5d00000,0x00000000e5d00000)
  from space 10752K, 91% used [0x00000000e5d00000,0x00000000e668fab0,0x00000000e6780000)
  to   space 11776K, 0% used [0x00000000e7780000,0x00000000e7780000,0x00000000e8300000)
 ParOldGen       total 54272K, used 7383K [0x0000000081600000, 0x0000000084b00000, 0x00000000d5d00000)
  object space 54272K, 13% used [0x0000000081600000,0x0000000081d35ea0,0x0000000084b00000)
 Metaspace       used 33333K, capacity 35272K, committed 35416K, reserved 1079296K
  class space    used 4356K, capacity 4710K, committed 4736K, reserved 1048576K
}
Event: 13.616 GC heap before
{Heap before GC invocations=11 (full 2):
 PSYoungGen      total 272896K, used 9790K [0x00000000d5d00000, 0x00000000e8300000, 0x0000000100000000)
  eden space 262144K, 0% used [0x00000000d5d00000,0x00000000d5d00000,0x00000000e5d00000)
  from space 10752K, 91% used [0x00000000e5d00000,0x00000000e668fab0,0x00000000e6780000)
  to   space 11776K, 0% used [0x00000000e7780000,0x00000000e7780000,0x00000000e8300000)
 ParOldGen       total 54272K, used 7383K [0x0000000081600000, 0x0000000084b00000, 0x00000000d5d00000)
  object space 54272K, 13% used [0x0000000081600000,0x0000000081d35ea0,0x0000000084b00000)
 Metaspace       used 33333K, capacity 35272K, committed 35416K, reserved 1079296K
  class space    used 4356K, capacity 4710K, committed 4736K, reserved 1048576K
Event: 13.723 GC heap after
Heap after GC invocations=11 (full 2):
 PSYoungGen      total 272896K, used 0K [0x00000000d5d00000, 0x00000000e8300000, 0x0000000100000000)
  eden space 262144K, 0% used [0x00000000d5d00000,0x00000000d5d00000,0x00000000e5d00000)
  from space 10752K, 0% used [0x00000000e5d00000,0x00000000e5d00000,0x00000000e6780000)
  to   space 11776K, 0% used [0x00000000e7780000,0x00000000e7780000,0x00000000e8300000)
 ParOldGen       total 81920K, used 14674K [0x0000000081600000, 0x0000000086600000, 0x00000000d5d00000)
  object space 81920K, 17% used [0x0000000081600000,0x0000000082454858,0x0000000086600000)
 Metaspace       used 33333K, capacity 35272K, committed 35416K, reserved 1079296K
  class space    used 4356K, capacity 4710K, committed 4736K, reserved 1048576K
}

